2024-01-26 14:11:13,531:INFO:SHORT BUY: mcd
2024-01-26 14:35:28,639:INFO:SHORT SELL: mcd !
2024-01-26 17:21:07,081:INFO:SHORT BUY: nflx
2024-01-29 09:31:44,449:INFO:SHORT SELL: nflx !
2024-01-30 13:29:47,672:INFO:SHORT BUY: bac
2024-01-30 13:33:04,672:INFO:SHORT SELL: bac ! 
2024-01-30 14:38:56,176:INFO:SHORT BUY: amd
2024-01-30 15:03:22,430:INFO:SHORT SELL: amd @
2024-01-30 15:17:02,914:INFO:SHORT BUY: meta
2024-01-30 15:24:09,939:INFO:SHORT SELL: meta @
2024-02-01 13:13:40,240:INFO:SHORT BUY: wfc
2024-02-02 09:31:42,276:INFO:SHORT SELL: wfc !
2024-02-02 10:15:53,363:INFO:LONG BUY: meta
2024-02-02 11:10:25,576:INFO:LONG SELL: meta !
2024-02-02 12:39:05,333:INFO:SHORT BUY: ddog
2024-02-02 13:09:56,932:INFO:SHORT SELL: ddog !
2024-02-07 14:02:52,031:INFO:LONG BUY: qqq
2024-02-07 15:19:17,028:INFO:LONG SELL: qqq !
2024-02-08 15:25:10,655:INFO:LONG BUY: ul
2024-02-08 15:36:04,955:INFO:LONG SELL: ul !
2024-02-14 07:25:00,433:INFO:SHORT BUY: bac
2024-02-14 09:39:19,593:INFO:SHORT SELL: bac @
2024-02-14 13:47:10,239:INFO:SHORT BUY: nflx
2024-02-14 14:13:59,292:INFO:SHORT SELL: nflx !
2024-02-15 16:32:37,956:INFO:LONG BUY: cvx
2024-02-16 11:38:27,934:INFO:LONG SELL: cvx !
2024-02-16 12:00:59,254:INFO:SHORT BUY: adbe
2024-02-16 14:04:37,485:INFO:SHORT SELL: adbe !
2024-02-16 14:54:24,755:INFO:SHORT BUY: ddog
2024-02-16 15:10:56,516:INFO:SHORT SELL: ddog !
2024-02-23 15:51:53,023:INFO:LONG BUY: wfc
2024-02-23 17:02:13,523:INFO:POSITION CLOSED BY BREAKPOINT: wfc !
2024-02-27 20:29:56,704:INFO:SHORT BUY: o
2024-02-28 09:44:17,427:INFO:SHORT SELL: o !
2024-03-04 14:15:57,775:INFO:SHORT BUY: amd
2024-03-04 15:50:27,231:INFO:POSITION CLOSED BY MARKET CLOSURE: amd !
2024-03-05 11:40:02,483:INFO:SHORT BUY: amzn
2024-03-05 12:44:50,101:INFO:SHORT SELL: amzn !
2024-03-06 13:44:45,510:INFO:SHORT BUY: amd
2024-03-06 14:07:05,723:INFO:SHORT SELL: amd !
2024-03-07 12:27:29,709:INFO:LONG BUY: ibm
2024-03-07 12:36:59,169:INFO:LONG SELL: ibm !
2024-03-08 12:46:05,847:INFO:LONG BUY: amd
2024-03-08 12:46:16,425:INFO:BOUGHT 13216 long SHARES AT 209.0449981689453 PER SHARE
2024-03-08 12:51:55,379:INFO:LONG SELL: amd @
2024-03-08 12:52:15,499:INFO:SELL 13216.0 SHARES AT 208.9671072941891 PER SHARE
2024-03-08 14:06:05,365:INFO:LONG BUY: goog
2024-03-08 14:06:07,079:INFO:BOUGHT 4068 long SHARES AT 136.67999267578125 PER SHARE
2024-03-08 15:00:49,416:INFO:LONG SELL: goog ! (sell failed)
2024-03-11 11:50:42,974:INFO:SHORT BUY: amd
2024-03-11 11:50:43,407:INFO:Connection successful
2024-03-11 11:51:02,598:INFO:BOUGHT 13589 short SHARES AT 200.25999450683594 PER SHARE
2024-03-11 12:41:13,303:INFO:SHORT SELL: amd
2024-03-11 12:41:35,430:INFO:BUY 13589.0 SHARES AT 200.48281283354166 PER SHARE
2024-03-11 12:41:35,430:INFO:Disconnected from IBKR
2024-03-11 14:04:08,481:INFO:SHORT BUY: amzn
2024-03-11 14:04:08,953:INFO:Connection successful
2024-03-11 14:04:27,101:INFO:BOUGHT 15798 short SHARES AT 172.26499938964844 PER SHARE
2024-03-11 14:29:17,361:INFO:SHORT SELL: amzn
2024-03-11 14:29:37,514:INFO:BUY 15798.0 SHARES AT 172.260789068743 PER SHARE
2024-03-11 14:29:37,514:INFO:Disconnected from IBKR
2024-03-11 14:40:27,631:INFO:SHORT BUY: lly
2024-03-11 14:40:28,116:INFO:Connection successful
2024-03-11 14:40:56,512:INFO:BOUGHT 3707 short SHARES AT 734.02001953125 PER SHARE
2024-03-11 15:03:39,780:INFO:SHORT SELL: lly
2024-03-11 15:04:29,204:INFO:BUY 3707.0 SHARES AT 733.7696570374965 PER SHARE
2024-03-11 15:04:29,204:INFO:Disconnected from IBKR
2024-03-12 10:03:39,958:INFO:LONG BUY: mcd
2024-03-12 10:03:40,431:INFO:Connection successful
2024-03-12 10:04:18,715:INFO:BOUGHT 9220 long SHARES AT 295.2200012207031 PER SHARE
2024-03-12 11:09:52,721:INFO:LONG SELL: mcd
2024-03-12 11:11:06,151:INFO:SELL 9220.0 SHARES AT 295.2749566160517 PER SHARE
2024-03-12 11:11:06,151:INFO:Disconnected from IBKR
2024-03-12 12:44:16,557:INFO:SHORT BUY: mcd
2024-03-12 12:44:17,001:INFO:Connection successful
2024-03-12 12:45:06,469:INFO:BOUGHT 9253 short SHARES AT 294.17498779296875 PER SHARE
2024-03-12 13:19:23,879:INFO:SHORT SELL: mcd
2024-03-12 13:21:24,874:WARNING:Order might not have been successfully processed: PreSubmitted
2024-03-13 14:06:10,093:INFO:SHORT BUY: neog
2024-03-13 14:06:14,161:ERROR:positions request timed out
2024-03-13 14:06:14,161:ERROR:open orders request timed out
2024-03-13 14:06:18,172:ERROR:Failed to connect: 
2024-03-13 14:45:13,252:INFO:SHORT BUY: pfe
2024-03-13 14:45:17,276:ERROR:positions request timed out
2024-03-13 14:45:17,276:ERROR:open orders request timed out
2024-03-13 14:45:21,280:ERROR:Failed to connect: 
2024-03-14 12:59:09,157:INFO:SHORT BUY: mcd
2024-03-14 12:59:11,189:ERROR:API connection failed: ConnectionRefusedError(22, 'The remote computer refused the network connection', None, 1225, None)
2024-03-14 12:59:11,189:ERROR:Make sure API port on TWS/IBG is open
2024-03-14 12:59:11,189:ERROR:Failed to connect: [WinError 1225] The remote computer refused the network connection
2024-03-14 14:39:26,573:INFO:SHORT BUY: amd
2024-03-14 14:39:28,597:ERROR:API connection failed: ConnectionRefusedError(22, 'The remote computer refused the network connection', None, 1225, None)
2024-03-14 14:39:28,597:ERROR:Make sure API port on TWS/IBG is open
2024-03-14 14:39:28,597:ERROR:Failed to connect: [WinError 1225] The remote computer refused the network connection
2024-03-14 14:42:14,098:INFO:SHORT BUY: yum
2024-03-14 14:42:16,136:ERROR:API connection failed: ConnectionRefusedError(22, 'The remote computer refused the network connection', None, 1225, None)
2024-03-14 14:42:16,136:ERROR:Make sure API port on TWS/IBG is open
2024-03-14 14:42:16,136:ERROR:Failed to connect: [WinError 1225] The remote computer refused the network connection
2024-03-14 15:05:23,479:INFO:SHORT BUY: xom
2024-03-14 15:05:25,508:ERROR:API connection failed: ConnectionRefusedError(22, 'The remote computer refused the network connection', None, 1225, None)
2024-03-14 15:05:25,508:ERROR:Make sure API port on TWS/IBG is open
2024-03-14 15:05:25,508:ERROR:Failed to connect: [WinError 1225] The remote computer refused the network connection
2024-03-14 15:40:57,248:INFO:SHORT BUY: amd
2024-03-14 15:40:59,283:ERROR:API connection failed: ConnectionRefusedError(22, 'The remote computer refused the network connection', None, 1225, None)
2024-03-14 15:40:59,283:ERROR:Make sure API port on TWS/IBG is open
2024-03-15 11:00:40,117:INFO:SHORT BUY: adbe
2024-03-15 11:00:40,588:INFO:Connection successful
2024-03-15 11:01:31,994:INFO:BOUGHT 5543 short SHARES AT 493.1700134277344 PER SHARE
2024-03-15 11:20:08,459:INFO:SHORT SELL: adbe
2024-03-15 11:20:44,739:INFO:BUY 5543.0 SHARES AT 492.9400009971132 PER SHARE
2024-03-15 11:20:44,739:INFO:Disconnected from IBKR
2024-03-15 11:33:50,943:INFO:SHORT BUY: adbe
2024-03-15 11:33:51,382:INFO:Connection successful
2024-03-15 11:35:30,246:INFO:BOUGHT 5610 short SHARES AT 487.2699890136719 PER SHARE
2024-03-15 12:16:28,167:INFO:SHORT SELL: adbe
2024-03-15 12:16:50,309:INFO:BUY 5610.0 SHARES AT 486.60206410570436 PER SHARE
2024-03-15 12:16:50,309:INFO:Disconnected from IBKR
2024-03-15 13:15:15,365:INFO:SHORT BUY: adbe
2024-03-15 13:15:15,811:INFO:Connection successful
2024-03-15 13:17:02,805:INFO:BOUGHT 5557 short SHARES AT 488.614990234375 PER SHARE
2024-03-15 14:41:26,361:INFO:SHORT SELL: adbe
2024-03-15 14:42:09,646:INFO:BUY 5557.0 SHARES AT 488.42454898920295 PER SHARE
2024-03-15 14:42:09,646:INFO:Disconnected from IBKR
2024-03-15 14:58:26,809:INFO:SHORT BUY: msft
2024-03-15 14:58:27,265:INFO:Connection successful
2024-03-15 14:58:45,555:INFO:BOUGHT 6461 short SHARES AT 415.92010498046875 PER SHARE
2024-03-15 15:25:57,041:INFO:SHORT SELL: msft
2024-03-15 15:26:06,122:INFO:BUY 6461.0 SHARES AT 415.8907081685498 PER SHARE
2024-03-15 15:26:06,122:INFO:Disconnected from IBKR
2024-03-15 15:42:32,767:INFO:SHORT BUY: msft
2024-03-15 15:42:33,224:INFO:Connection successful
2024-03-15 15:42:43,372:INFO:BOUGHT 6429 short SHARES AT 416.3299865722656 PER SHARE
2024-03-15 15:51:07,312:INFO:SHORT SELL: msft
2024-03-15 15:51:09,316:INFO:BUY 6429.0 SHARES AT 416.28063574475004 PER SHARE
2024-03-15 15:51:09,316:INFO:Disconnected from IBKR
2024-03-18 09:37:43,341:INFO:SHORT BUY: ge
2024-03-18 09:37:43,822:INFO:Connection successful
2024-03-18 09:38:00,010:INFO:BOUGHT 15806 short SHARES AT 169.19000244140625 PER SHARE
2024-03-18 09:38:48,037:INFO:SHORT SELL: ge
2024-03-18 09:40:15,908:INFO:BUY 15806.0 SHARES AT 169.14643851385546 PER SHARE
2024-03-18 09:40:15,908:INFO:Disconnected from IBKR
2024-03-18 12:54:18,000:INFO:SHORT BUY: pep
2024-03-18 12:54:18,463:INFO:Connection successful
2024-03-18 12:55:15,006:INFO:BOUGHT 15409 short SHARES AT 172.10499572753906 PER SHARE
2024-03-18 13:56:13,072:INFO:SHORT SELL: pep
2024-03-18 13:57:51,855:INFO:BUY 15409.0 SHARES AT 172.10181328885693 PER SHARE
2024-03-18 13:57:51,855:INFO:Disconnected from IBKR
2024-03-18 14:01:45,764:INFO:SHORT BUY: adbe
2024-03-18 14:01:46,251:INFO:Connection successful
2024-03-18 14:03:47,270:WARNING:Order might not have been successfully processed. Closing positions to prevent losses: Submitted
2024-03-18 14:04:54,763:INFO:BUY 5200.0 SHARES AT 513.930530173846 PER SHARE
2024-03-18 14:12:26,953:INFO:SHORT BUY: adbe
2024-03-18 14:12:27,420:INFO:Connection successful
2024-03-18 14:14:28,416:WARNING:Order might not have been successfully processed. Closing positions to prevent losses: Submitted
2024-03-18 14:15:31,033:INFO:BUY 1105.0 SHARES AT 514.0691795199095 PER SHARE
2024-03-18 14:22:27,631:INFO:SHORT BUY: lly
2024-03-18 14:22:28,100:INFO:Connection successful
2024-03-18 14:22:30,235:INFO:BOUGHT 1141 short SHARES AT 765.9849243164062 PER SHARE
2024-03-18 15:40:47,449:INFO:POSITION CLOSED BY BREAKPOINT: lly
2024-03-20 00:45:06,154:INFO:FAILED SHORT BUY OF adbe BY MARKET CLOSURE
2024-03-20 03:06:29,358:INFO:FAILED SHORT BUY OF pm BY MARKET CLOSURE
2024-03-20 03:23:03,877:INFO:FAILED SHORT BUY OF pm BY MARKET CLOSURE
2024-03-20 09:04:25,955:INFO:FAILED SHORT BUY OF adbe BY MARKET CLOSURE
2024-03-20 10:04:31,298:INFO:SHORT BUY: ge
2024-03-20 10:04:31,872:INFO:Connection successful
2024-03-20 10:05:39,521:INFO:BOUGHT 15462 short SHARES AT 174.02000427246094 PER SHARE
2024-03-20 10:21:17,542:INFO:SHORT SELL: ge
2024-03-20 10:23:14,423:INFO:BUY 15462.0 SHARES AT 174.0906873742081 PER SHARE
2024-03-20 10:23:14,424:INFO:Disconnected from IBKR
2024-03-20 10:39:16,455:INFO:SHORT BUY: ge
2024-03-20 10:39:16,921:INFO:Connection successful
2024-03-20 10:40:04,318:INFO:BOUGHT 15319 short SHARES AT 174.2928009033203 PER SHARE
2024-03-20 10:56:29,722:INFO:SHORT SELL: ge
2024-03-20 10:57:14,992:INFO:BUY 15319.0 SHARES AT 174.248678551015 PER SHARE
2024-03-20 10:57:14,992:INFO:Disconnected from IBKR
2024-03-20 13:29:34,134:INFO:SHORT BUY: goog
2024-03-20 13:29:34,658:INFO:Connection successful
2024-03-20 13:29:45,726:INFO:BOUGHT 18031 short SHARES AT 147.9550018310547 PER SHARE
2024-03-20 14:03:09,953:INFO:SHORT SELL: goog
2024-03-20 14:03:23,972:INFO:BUY 18031.0 SHARES AT 147.927127322112 PER SHARE
2024-03-20 14:03:23,972:INFO:Disconnected from IBKR
2024-03-20 14:06:12,520:INFO:SHORT BUY: meta
2024-03-20 14:06:13,036:INFO:Connection successful
2024-03-20 14:06:13,204:ERROR:Error 200, reqId 3: The contract description specified for META is ambiguous.
2024-03-20 14:06:13,204:WARNING:Canceled order: Trade(contract=Stock(symbol='META', exchange='SMART', currency='USD'), order=MarketOrder(orderId=3, clientId=6383, action='SELL', totalQuantity=5242), orderStatus=OrderStatus(orderId=3, status='Cancelled', filled=0.0, remaining=0.0, avgFillPrice=0.0, permId=0, parentId=0, lastFillPrice=0.0, clientId=0, whyHeld='', mktCapPrice=0.0), fills=[], log=[TradeLogEntry(time=datetime.datetime(2024, 3, 20, 18, 6, 13, 82371, tzinfo=datetime.timezone.utc), status='PendingSubmit', message='', errorCode=0), TradeLogEntry(time=datetime.datetime(2024, 3, 20, 18, 6, 13, 204926, tzinfo=datetime.timezone.utc), status='Cancelled', message='Error 200, reqId 3: The contract description specified for META is ambiguous.', errorCode=200)], advancedError='')
2024-03-20 14:06:14,088:WARNING:Order not successful: Cancelled
2024-03-20 14:12:26,706:INFO:SHORT BUY: rtx
2024-03-20 14:12:27,091:INFO:Connection successful
2024-03-20 14:12:46,359:INFO:BOUGHT 27823 short SHARES AT 94.62000274658203 PER SHARE
2024-03-20 14:37:50,253:INFO:SHORT SELL: rtx
2024-03-20 14:38:41,904:INFO:BUY 27823.0 SHARES AT 94.60263336146352 PER SHARE
2024-03-20 14:38:41,904:INFO:Disconnected from IBKR
2024-03-20 14:41:25,021:INFO:LONG BUY: hd
2024-03-20 14:41:25,563:INFO:Connection successful
2024-03-20 14:41:51,882:INFO:BOUGHT 6880 long SHARES AT 380.93231201171875 PER SHARE
2024-03-20 14:47:28,681:INFO:LONG SELL: hd
2024-03-20 14:47:50,862:INFO:SELL 6880.0 SHARES AT 381.2963866279071 PER SHARE
2024-03-20 14:47:50,862:INFO:Disconnected from IBKR
2024-03-26 10:45:20,181:INFO:SHORT BUY: amd
2024-03-26 10:45:20,763:INFO:Connection successful
2024-03-26 10:45:39,894:INFO:BOUGHT 14879 short SHARES AT 176.8300018310547 PER SHARE
2024-03-26 11:01:05,281:INFO:SHORT SELL: amd
2024-03-26 11:01:28,481:INFO:BUY 14879.0 SHARES AT 176.64192474379985 PER SHARE
2024-03-26 11:01:28,481:INFO:Disconnected from IBKR
2024-03-26 11:51:29,246:INFO:LONG BUY: ibm
2024-03-26 11:51:29,773:INFO:Connection successful
2024-03-26 11:51:30,002:ERROR:Error 200, reqId 3: The contract description specified for IBM is ambiguous.
2024-03-26 11:51:30,002:WARNING:Canceled order: Trade(contract=Stock(symbol='IBM', exchange='SMART', currency='USD'), order=MarketOrder(orderId=3, clientId=240, action='BUY', totalQuantity=13582), orderStatus=OrderStatus(orderId=3, status='Cancelled', filled=0.0, remaining=0.0, avgFillPrice=0.0, permId=0, parentId=0, lastFillPrice=0.0, clientId=0, whyHeld='', mktCapPrice=0.0), fills=[], log=[TradeLogEntry(time=datetime.datetime(2024, 3, 26, 15, 51, 29, 947811, tzinfo=datetime.timezone.utc), status='PendingSubmit', message='', errorCode=0), TradeLogEntry(time=datetime.datetime(2024, 3, 26, 15, 51, 30, 2387, tzinfo=datetime.timezone.utc), status='Cancelled', message='Error 200, reqId 3: The contract description specified for IBM is ambiguous.', errorCode=200)], advancedError='')
2024-03-26 11:51:30,953:WARNING:Order not successful: Cancelled
2024-03-26 12:11:08,958:INFO:LONG BUY: xom
2024-03-26 12:11:09,401:INFO:Connection successful
2024-03-26 12:11:17,562:INFO:BOUGHT 22649 long SHARES AT 113.83999633789062 PER SHARE
2024-03-27 16:47:46,842:INFO:FAILED SHORT BUY OF spy BY MARKET CLOSURE
2024-03-27 21:07:34,327:INFO:FAILED SHORT BUY OF jpm BY MARKET CLOSURE
2024-03-27 21:51:38,286:INFO:FAILED SHORT BUY OF lmt BY MARKET CLOSURE
2024-03-27 22:11:58,834:INFO:FAILED SHORT BUY OF lmt BY MARKET CLOSURE
2024-03-27 23:04:24,965:INFO:FAILED SHORT BUY OF jpm BY MARKET CLOSURE
2024-03-27 23:32:05,093:INFO:FAILED LONG BUY OF nflx BY MARKET CLOSURE
2024-03-28 00:08:07,183:INFO:FAILED SHORT BUY OF lmt BY MARKET CLOSURE
2024-03-28 00:12:57,648:INFO:FAILED SHORT BUY OF lmt BY MARKET CLOSURE
2024-03-28 00:41:10,996:INFO:FAILED SHORT BUY OF hd BY MARKET CLOSURE
2024-03-28 01:24:39,303:INFO:FAILED SHORT BUY OF jpm BY MARKET CLOSURE
2024-03-28 01:26:07,755:INFO:FAILED SHORT BUY OF hd BY MARKET CLOSURE
2024-03-28 01:27:16,057:INFO:FAILED LONG BUY OF nflx BY MARKET CLOSURE
2024-03-28 01:57:14,754:INFO:FAILED LONG BUY OF nflx BY MARKET CLOSURE
2024-03-28 03:17:47,427:INFO:FAILED SHORT BUY OF lmt BY MARKET CLOSURE
2024-03-28 04:15:44,938:INFO:FAILED SHORT BUY OF hd BY MARKET CLOSURE
2024-03-28 04:31:55,893:INFO:FAILED LONG BUY OF nflx BY MARKET CLOSURE
2024-03-28 04:42:08,100:INFO:FAILED LONG BUY OF nflx BY MARKET CLOSURE
2024-03-28 05:13:21,467:INFO:FAILED SHORT BUY OF lmt BY MARKET CLOSURE
2024-03-28 05:27:35,082:INFO:FAILED LONG BUY OF nflx BY MARKET CLOSURE
2024-03-28 05:31:36,370:INFO:FAILED SHORT BUY OF hd BY MARKET CLOSURE
2024-03-28 05:56:35,972:INFO:FAILED SHORT BUY OF hd BY MARKET CLOSURE
2024-03-28 06:05:07,783:INFO:FAILED SHORT BUY OF jpm BY MARKET CLOSURE
2024-03-28 07:28:44,675:INFO:FAILED LONG BUY OF nflx BY MARKET CLOSURE
2024-03-28 09:24:41,138:INFO:FAILED SHORT BUY OF hd BY MARKET CLOSURE
2024-03-28 09:49:39,123:INFO:FAILED SHORT BUY OF nflx BY MARKET CLOSURE
2024-03-28 10:54:00,981:INFO:FAILED LONG BUY OF nflx BY MARKET CLOSURE
2024-03-28 11:23:21,632:INFO:FAILED SHORT BUY OF crm BY MARKET CLOSURE
2024-03-28 14:56:30,065:INFO:SHORT BUY: pm
